2025-11-28 16:43:11,361 - root - ERROR - Client error: type object 'Qt' has no attribute 'QIntValidator'
2025-11-28 16:47:57,378 - root - ERROR - Client error: [Errno 2] No such file or directory: 'client/ui/styles.py'
2025-11-28 16:49:23,195 - core.client_base - INFO - Connected to TCP server at localhost:5050
2025-11-28 16:49:58,991 - core.client_base - ERROR - Error receiving message: [WinError 10038] An operation was attempted on something that is not a socket
2025-11-28 16:49:58,991 - core.client_base - INFO - Disconnected from server
2025-11-28 16:49:59,093 - core.client_base - INFO - Disconnected from server
2025-11-28 16:50:33,093 - core.client_base - INFO - Connected to TCP server at localhost:5050
2025-11-28 16:51:10,000 - core.client_base - INFO - Connected to TCP server at localhost:5050
2025-11-28 16:51:33,698 - core.client_base - ERROR - Error receiving message: [WinError 10038] An operation was attempted on something that is not a socket
2025-11-28 16:51:33,698 - core.client_base - INFO - Disconnected from server
2025-11-28 16:51:33,800 - core.client_base - INFO - Disconnected from server
2025-11-28 16:51:38,614 - core.client_base - INFO - Disconnected from server
2025-11-28 16:57:53,592 - core.client_base - INFO - Connected to TCP server at localhost:5050
2025-11-28 16:59:06,914 - core.client_base - ERROR - Error receiving message: [WinError 10038] An operation was attempted on something that is not a socket
2025-11-28 16:59:06,914 - core.client_base - INFO - Disconnected from server
2025-11-28 16:59:10,146 - core.client_base - INFO - Disconnected from server
2025-11-28 17:02:20,588 - core.client_base - INFO - Connected to TCP server at localhost:5050
2025-11-28 17:02:20,682 - core.client_base - ERROR - Connection reset by server
2025-11-28 17:02:58,901 - core.client_base - INFO - Disconnected from server
2025-11-28 17:02:58,901 - core.client_base - INFO - Disconnected from server
2025-11-28 17:03:00,789 - core.client_base - INFO - Disconnected from server
2025-11-28 17:12:17,521 - core.client_base - INFO - Connected to TCP server at localhost:5050
2025-11-28 17:12:59,278 - core.client_base - ERROR - Error receiving message: [WinError 10038] An operation was attempted on something that is not a socket
2025-11-28 17:12:59,279 - core.client_base - INFO - Disconnected from server
2025-11-28 17:12:59,280 - core.client_base - INFO - Disconnected from server
2025-11-28 17:16:13,857 - core.client_base - INFO - Disconnected from server
2025-11-28 17:17:26,386 - core.client_base - INFO - UDP client ready to send to localhost:5050
2025-11-28 17:17:41,854 - core.client_base - INFO - UDP client disconnected
2025-11-28 17:17:41,855 - core.client_base - ERROR - Error receiving UDP message: [WinError 10038] An operation was attempted on something that is not a socket
2025-11-28 17:17:41,962 - core.client_base - INFO - UDP client disconnected
2025-11-28 17:17:45,097 - core.client_base - INFO - Connected to TCP server at localhost:5050
2025-11-28 17:17:57,140 - core.client_base - ERROR - Error receiving message: [WinError 10038] An operation was attempted on something that is not a socket
2025-11-28 17:17:57,141 - core.client_base - INFO - Disconnected from server
2025-11-28 17:17:57,142 - core.client_base - INFO - Disconnected from server
2025-11-28 17:18:01,313 - core.client_base - INFO - UDP client ready to send to localhost:5050
2025-11-28 17:18:10,320 - core.client_base - ERROR - Error receiving UDP message: [WinError 10038] An operation was attempted on something that is not a socket
2025-11-28 17:18:10,320 - core.client_base - INFO - UDP client disconnected
2025-11-28 17:18:10,421 - core.client_base - INFO - UDP client disconnected
2025-11-28 17:18:12,345 - core.client_base - INFO - UDP client ready to send to localhost:5050
2025-11-28 17:18:14,485 - core.client_base - ERROR - Error receiving UDP message: [WinError 10038] An operation was attempted on something that is not a socket
2025-11-28 17:18:14,486 - core.client_base - INFO - UDP client disconnected
2025-11-28 17:18:14,588 - core.client_base - INFO - UDP client disconnected
2025-11-28 17:18:16,894 - core.client_base - INFO - Connected to TCP server at localhost:5050
2025-11-28 17:18:38,725 - core.client_base - ERROR - Error receiving message: [WinError 10038] An operation was attempted on something that is not a socket
2025-11-28 17:18:38,726 - core.client_base - INFO - Disconnected from server
2025-11-28 17:18:40,483 - core.client_base - INFO - Disconnected from server
2025-11-28 17:29:57,351 - core.client_base - INFO - Connected to TCP server at localhost:5050
2025-11-28 17:29:57,389 - __main__ - ERROR - Connection error: 'ChatClient' object has no attribute 'handle_disconnect'
2025-11-28 17:32:43,621 - core.client_base - INFO - Connected to TCP server at localhost:5050
2025-11-28 17:32:43,639 - __main__ - ERROR - Connection error: 'ChatClient' object has no attribute 'handle_disconnect'
2025-11-28 17:36:16,868 - core.client_base - INFO - Connected to TCP server at localhost:5050
2025-11-28 17:36:16,892 - core.client_base - INFO - Sent connect message for user: hama
2025-11-28 17:36:39,467 - core.client_base - INFO - Sent disconnect message
2025-11-28 17:36:39,569 - core.client_base - INFO - Disconnected from server
2025-11-28 17:36:39,570 - core.client_base - INFO - Disconnected from server
2025-11-28 17:36:41,128 - core.client_base - INFO - Disconnected from server
2025-11-28 17:42:53,291 - core.client_base - INFO - UDP client ready to send to localhost:5050
2025-11-28 17:42:53,314 - core.client_base - INFO - Sent UDP connect message for user: hamaKey
2025-11-28 17:43:31,971 - core.client_base - INFO - Sent UDP disconnect message
2025-11-28 17:43:32,434 - core.client_base - INFO - UDP client disconnected
2025-11-28 17:43:32,435 - core.client_base - INFO - UDP client disconnected
2025-11-28 17:43:58,810 - core.client_base - INFO - Connected to TCP server at localhost:5050
2025-11-28 17:43:58,825 - core.client_base - INFO - Sent connect message for user: hamaKey
2025-11-28 17:44:06,035 - core.client_base - INFO - Sent disconnect message
2025-11-28 17:44:06,137 - core.client_base - INFO - Disconnected from server
2025-11-28 17:44:06,138 - core.client_base - INFO - Disconnected from server
2025-11-28 17:44:07,025 - core.client_base - INFO - Disconnected from server
2025-11-28 17:46:30,802 - core.client_base - INFO - UDP client ready to send to localhost:5051
2025-11-28 17:46:30,822 - core.client_base - INFO - Sent UDP connect message for user: hamakey
2025-11-28 17:46:34,469 - core.client_base - ERROR - Error receiving UDP message: [WinError 10054] An existing connection was forcibly closed by the remote host
2025-11-28 17:46:37,700 - core.client_base - ERROR - Error receiving UDP message: [WinError 10054] An existing connection was forcibly closed by the remote host
2025-11-28 17:46:52,899 - core.client_base - INFO - Sent UDP disconnect message
2025-11-28 17:46:52,900 - core.client_base - ERROR - Error receiving UDP message: [WinError 10054] An existing connection was forcibly closed by the remote host
2025-11-28 17:46:52,951 - core.client_base - INFO - UDP client disconnected
2025-11-28 17:46:52,952 - core.client_base - INFO - UDP client disconnected
2025-11-28 17:47:00,527 - core.client_base - INFO - UDP client ready to send to localhost:5051
2025-11-28 17:47:00,536 - core.client_base - INFO - Sent UDP connect message for user: hamakey
2025-11-28 17:47:29,411 - core.client_base - INFO - Sent UDP disconnect message
2025-11-28 17:47:29,605 - core.client_base - INFO - UDP client disconnected
2025-11-28 17:47:29,607 - core.client_base - INFO - UDP client disconnected
2025-11-28 17:47:31,577 - core.client_base - INFO - UDP client disconnected
2025-11-28 17:49:05,084 - core.client_base - INFO - Connected to TCP server at localhost:5050
2025-11-28 17:49:05,101 - core.client_base - INFO - Sent connect message for user: hamakey
2025-11-28 17:49:12,395 - core.client_base - INFO - Sent disconnect message
2025-11-28 17:49:12,497 - core.client_base - INFO - Disconnected from server
2025-11-28 17:49:12,499 - core.client_base - INFO - Disconnected from server
2025-11-28 17:49:17,824 - core.client_base - INFO - UDP client ready to send to localhost:5051
2025-11-28 17:49:17,843 - core.client_base - INFO - Sent UDP connect message for user: hamakey
2025-11-28 17:49:23,291 - core.client_base - INFO - Sent UDP disconnect message
2025-11-28 17:49:23,351 - core.client_base - INFO - UDP client disconnected
2025-11-28 17:49:23,352 - core.client_base - INFO - UDP client disconnected
2025-11-28 17:49:26,913 - core.client_base - INFO - UDP client disconnected
2025-11-28 17:50:33,018 - core.client_base - INFO - Connected to TCP server at localhost:5050
2025-11-28 17:50:33,043 - core.client_base - INFO - Sent connect message for user: hamakey
2025-11-28 17:50:45,891 - core.client_base - INFO - Sent disconnect message
2025-11-28 17:50:45,996 - core.client_base - INFO - Disconnected from server
2025-11-28 17:50:45,997 - core.client_base - INFO - Disconnected from server
2025-11-28 17:50:51,697 - core.client_base - INFO - UDP client ready to send to localhost:5051
2025-11-28 17:50:51,716 - core.client_base - INFO - Sent UDP connect message for user: hamakey
2025-11-28 17:51:06,460 - core.client_base - INFO - Sent UDP disconnect message
2025-11-28 17:51:06,685 - core.client_base - INFO - UDP client disconnected
2025-11-28 17:51:06,686 - core.client_base - INFO - UDP client disconnected
2025-11-28 17:51:09,676 - core.client_base - INFO - UDP client disconnected
2025-11-28 17:53:20,165 - core.client_base - INFO - Connected to TCP server at localhost:5050
2025-11-28 17:53:20,184 - core.client_base - INFO - Sent connect message for user: hama
2025-11-28 17:53:24,634 - core.client_base - INFO - Sent disconnect message
2025-11-28 17:53:24,736 - core.client_base - INFO - Disconnected from server
2025-11-28 17:53:24,748 - core.client_base - INFO - Disconnected from server
2025-11-28 17:53:31,063 - core.client_base - INFO - UDP client ready to send to localhost:5051
2025-11-28 17:53:31,073 - core.client_base - INFO - Sent UDP connect message for user: hama
2025-11-28 17:53:35,123 - core.client_base - INFO - Sent UDP disconnect message
2025-11-28 17:53:35,782 - core.client_base - INFO - UDP client disconnected
2025-11-28 17:53:35,783 - core.client_base - INFO - UDP client disconnected
2025-11-28 17:53:36,902 - core.client_base - INFO - UDP client disconnected
2025-11-28 18:02:24,061 - core.client_base - INFO - Connected to TCP server at localhost:5050
2025-11-28 18:02:24,085 - core.client_base - INFO - Sent connect message for user: loki
2025-11-28 18:02:51,762 - core.client_base - INFO - Sent disconnect message
2025-11-28 18:02:51,864 - core.client_base - INFO - Disconnected from server
2025-11-28 18:02:51,864 - core.client_base - INFO - Disconnected from server
2025-11-28 18:03:00,887 - core.client_base - INFO - UDP client ready to send to localhost:5051
2025-11-28 18:03:00,900 - core.client_base - INFO - Sent UDP connect message for user: loki
2025-11-28 18:03:25,451 - core.client_base - INFO - Sent UDP disconnect message
2025-11-28 18:03:25,809 - core.client_base - INFO - UDP client disconnected
2025-11-28 18:03:25,810 - core.client_base - INFO - UDP client disconnected
2025-11-28 18:03:28,297 - core.client_base - INFO - UDP client disconnected
2025-11-28 18:13:54,196 - core.client_base - INFO - Connected to TCP server at localhost:5050
2025-11-28 18:13:54,223 - core.client_base - INFO - Sent connect message for user: ali
2025-11-28 18:14:08,690 - core.client_base - INFO - Sent disconnect message
2025-11-28 18:14:08,791 - core.client_base - INFO - Disconnected from server
2025-11-28 18:14:08,791 - core.client_base - INFO - Disconnected from server
2025-11-28 18:14:14,774 - core.client_base - INFO - UDP client ready to send to localhost:5051
2025-11-28 18:14:14,792 - core.client_base - INFO - Sent UDP connect message for user: ali
2025-11-28 18:14:43,194 - core.client_base - INFO - Sent UDP disconnect message
2025-11-28 18:14:43,310 - core.client_base - INFO - UDP client disconnected
2025-11-28 18:14:43,311 - core.client_base - INFO - UDP client disconnected
2025-11-28 18:14:49,096 - core.client_base - INFO - UDP client disconnected
2025-11-28 19:10:57,745 - core.client_base - INFO - Connected to TCP server at localhost:5050
2025-11-28 19:10:57,882 - core.client_base - INFO - Sent connect message for user: bored
2025-11-28 19:11:32,663 - core.client_base - INFO - Sent disconnect message
2025-11-28 19:11:32,765 - core.client_base - INFO - Disconnected from server
2025-11-28 19:11:32,767 - core.client_base - INFO - Disconnected from server
2025-11-28 19:12:30,922 - core.client_base - INFO - Connected to TCP server at localhost:5050
2025-11-28 19:12:30,937 - core.client_base - INFO - Sent connect message for user: hamaKey
2025-11-28 19:17:28,967 - core.client_base - INFO - Sent disconnect message
2025-11-28 19:17:29,069 - core.client_base - INFO - Disconnected from server
2025-11-28 19:17:30,765 - core.client_base - INFO - Disconnected from server
2025-11-28 19:30:35,435 - core.client_base - INFO - Connected to TCP server at localhost:5050
2025-11-28 19:30:35,451 - core.client_base - INFO - Sent connect message for user: hamaKey
2025-11-28 19:40:40,742 - core.client_base - INFO - Sent disconnect message
2025-11-28 19:40:40,844 - core.client_base - INFO - Disconnected from server
2025-11-28 19:40:41,818 - core.client_base - INFO - Disconnected from server
2025-11-28 19:40:52,905 - core.client_base - INFO - Connected to TCP server at localhost:5050
2025-11-28 19:40:52,921 - core.client_base - INFO - Sent connect message for user: aaa
2025-11-28 19:41:05,446 - core.client_base - INFO - Sent disconnect message
2025-11-28 19:41:05,548 - core.client_base - INFO - Disconnected from server
2025-11-28 19:41:05,548 - core.client_base - INFO - Disconnected from server
2025-11-28 19:41:09,752 - core.client_base - INFO - Disconnected from server
2025-11-28 19:43:11,562 - core.client_base - INFO - Connected to TCP server at localhost:5050
2025-11-28 19:43:11,577 - core.client_base - INFO - Sent connect message for user: aaaaa
2025-11-28 19:43:15,471 - core.client_base - INFO - Sent disconnect message
2025-11-28 19:43:15,573 - core.client_base - INFO - Disconnected from server
2025-11-28 19:43:15,580 - core.client_base - INFO - Disconnected from server
2025-11-28 19:43:16,380 - core.client_base - INFO - Disconnected from server
2025-11-28 19:49:28,528 - core.client_base - INFO - Connected to TCP server at localhost:5050
2025-11-28 19:49:28,564 - core.client_base - INFO - Sent connect message for user: aaaa
2025-11-28 19:49:28,608 - __main__ - ERROR - Connection error: 'ConnectWindow' object has no attribute 'show_success'
2025-11-28 19:49:35,087 - core.client_base - INFO - Sent disconnect message
2025-11-28 19:49:35,191 - core.client_base - INFO - Disconnected from server
2025-11-28 19:49:36,621 - core.client_base - INFO - Disconnected from server
2025-11-28 20:03:28,673 - core.client_base - INFO - Connected to TCP server at localhost:5050
2025-11-28 20:03:28,689 - core.client_base - INFO - Sent connect message for user: sdfg
2025-11-28 20:05:22,485 - core.client_base - INFO - Sent disconnect message
2025-11-28 20:05:22,587 - core.client_base - INFO - Disconnected from server
2025-11-28 20:05:23,657 - core.client_base - INFO - Disconnected from server
2025-11-28 20:05:29,968 - core.client_base - INFO - Connected to TCP server at localhost:5050
2025-11-28 20:05:29,985 - core.client_base - INFO - Sent connect message for user: aaa
2025-11-28 20:05:31,733 - core.client_base - INFO - Sent disconnect message
2025-11-28 20:05:31,836 - core.client_base - INFO - Disconnected from server
2025-11-28 20:05:31,844 - core.client_base - INFO - Disconnected from server
2025-11-28 20:05:33,012 - core.client_base - INFO - Disconnected from server
2025-11-28 20:09:01,155 - core.client_base - INFO - Connected to TCP server at localhost:5050
2025-11-28 20:09:01,170 - core.client_base - INFO - Sent connect message for user: asdsa
2025-11-28 20:09:08,885 - core.client_base - INFO - Sent disconnect message
2025-11-28 20:09:08,987 - core.client_base - INFO - Disconnected from server
2025-11-28 20:09:08,996 - core.client_base - INFO - Disconnected from server
2025-11-28 20:09:59,554 - core.client_base - INFO - Disconnected from server
2025-11-28 20:37:59,676 - root - ERROR - Client error: name 'radio_style' is not defined
2025-11-28 20:39:02,732 - root - ERROR - Client error: name 'radio_style' is not defined
2025-11-28 20:41:59,333 - core.client_base - INFO - Connected to TCP server at localhost:5050
2025-11-28 20:41:59,356 - core.client_base - INFO - Sent connect message for user: 15
2025-11-28 20:42:04,637 - core.client_base - INFO - Sent disconnect message
2025-11-28 20:42:04,741 - core.client_base - INFO - Disconnected from server
2025-11-28 20:42:06,172 - core.client_base - INFO - Disconnected from server
2025-11-28 20:48:48,701 - core.client_base - INFO - Connected to TCP server at localhost:5050
2025-11-28 20:48:48,716 - core.client_base - INFO - Sent connect message for user: aaaaaa
2025-11-28 20:48:55,460 - core.client_base - INFO - Sent disconnect message
2025-11-28 20:48:55,562 - core.client_base - INFO - Disconnected from server
2025-11-28 20:50:13,664 - core.client_base - INFO - UDP client ready to send to localhost:5050
2025-11-28 20:50:13,679 - core.client_base - INFO - Sent UDP connect message for user: aaaaaa
2025-11-28 20:50:35,171 - core.client_base - INFO - Sent UDP disconnect message
2025-11-28 20:50:35,872 - core.client_base - INFO - UDP client disconnected
2025-11-28 20:50:35,872 - core.client_base - INFO - UDP client disconnected
2025-11-28 20:51:19,735 - core.client_base - INFO - UDP client ready to send to localhost:5050
2025-11-28 20:51:19,744 - core.client_base - INFO - Sent UDP connect message for user: aaaaaa
2025-11-28 20:51:37,572 - core.client_base - INFO - Sent UDP disconnect message
2025-11-28 20:51:37,717 - core.client_base - INFO - UDP client disconnected
2025-11-28 20:51:37,718 - core.client_base - INFO - UDP client disconnected
2025-11-28 20:52:03,416 - core.client_base - INFO - UDP client ready to send to localhost:5051
2025-11-28 20:52:03,432 - core.client_base - INFO - Sent UDP connect message for user: aaaaaa
2025-11-28 20:52:34,604 - core.client_base - INFO - Sent UDP disconnect message
2025-11-28 20:52:35,461 - core.client_base - INFO - UDP client disconnected
2025-11-28 20:52:35,462 - core.client_base - INFO - UDP client disconnected
2025-11-28 20:52:37,121 - core.client_base - INFO - UDP client disconnected
2025-11-28 20:54:52,897 - core.client_base - INFO - Connected to TCP server at localhost:5050
2025-11-28 20:54:52,915 - core.client_base - INFO - Sent connect message for user: ll
2025-11-28 20:55:06,147 - core.client_base - INFO - Sent disconnect message
2025-11-28 20:55:06,249 - core.client_base - INFO - Disconnected from server
2025-11-28 20:55:06,253 - core.client_base - INFO - Disconnected from server
2025-11-28 20:55:27,761 - core.client_base - INFO - Connected to TCP server at localhost:5050
2025-11-28 20:55:27,776 - core.client_base - INFO - Sent connect message for user: ll
2025-11-28 20:55:29,899 - core.client_base - INFO - Sent disconnect message
2025-11-28 20:55:30,002 - core.client_base - INFO - Disconnected from server
2025-11-28 20:55:30,003 - core.client_base - INFO - Disconnected from server
2025-11-28 20:56:03,344 - core.client_base - INFO - UDP client ready to send to localhost:5051
2025-11-28 20:56:03,363 - core.client_base - INFO - Sent UDP connect message for user: ll
2025-11-28 20:56:08,788 - core.client_base - INFO - Sent UDP disconnect message
2025-11-28 20:56:09,784 - core.client_base - INFO - UDP client disconnected
2025-11-28 20:56:09,785 - core.client_base - INFO - UDP client disconnected
2025-11-28 20:57:27,000 - core.client_base - ERROR - Failed to connect to TCP server: [WinError 10061] No connection could be made because the target machine actively refused it
2025-11-28 21:03:21,073 - core.client_base - INFO - UDP client ready to send to localhost:5050
2025-11-28 21:03:21,082 - core.client_base - INFO - Sent UDP connect message for user: ll
2025-11-28 21:03:28,971 - core.client_base - INFO - Sent UDP disconnect message
2025-11-28 21:03:29,564 - core.client_base - INFO - UDP client disconnected
2025-11-28 21:03:29,564 - core.client_base - INFO - UDP client disconnected
2025-11-28 21:04:48,048 - core.client_base - INFO - UDP client disconnected
2025-11-28 21:04:58,091 - core.client_base - INFO - UDP client ready to send to localhost:5050
2025-11-28 21:04:58,110 - core.client_base - INFO - Sent UDP connect message for user: aaaaaa
2025-11-28 21:05:01,123 - core.client_base - INFO - Sent UDP disconnect message
2025-11-28 21:05:01,281 - core.client_base - INFO - UDP client disconnected
2025-11-28 21:05:01,287 - core.client_base - INFO - UDP client disconnected
2025-11-28 21:07:56,687 - core.client_base - INFO - UDP client disconnected
2025-11-28 21:09:23,112 - core.client_base - WARNING - No response from server during connection test
2025-11-28 21:09:23,112 - core.client_base - ERROR - UDP server not reachable at localhost:5050
2025-11-28 21:10:01,136 - core.client_base - INFO - UDP client disconnected
2025-11-28 21:10:09,941 - core.client_base - WARNING - No response from server during connection test
2025-11-28 21:10:09,942 - core.client_base - ERROR - UDP server not reachable at localhost:5050
2025-11-28 21:10:12,906 - core.client_base - INFO - UDP client disconnected
2025-11-28 21:12:18,130 - core.client_base - WARNING - No response from server during connection test
2025-11-28 21:12:18,131 - core.client_base - ERROR - UDP server not reachable at localhost:5050
2025-11-28 21:12:25,514 - core.client_base - INFO - Connected to TCP server at localhost:5050
2025-11-28 21:12:25,531 - core.client_base - INFO - Sent connect message for user: aaaaa
2025-11-28 21:12:34,267 - core.client_base - INFO - Sent disconnect message
2025-11-28 21:12:34,368 - core.client_base - INFO - Disconnected from server
2025-11-28 21:12:34,370 - core.client_base - INFO - Disconnected from server
2025-11-28 21:12:40,793 - core.client_base - INFO - UDP client connected to localhost:5051
2025-11-28 21:12:40,805 - core.client_base - INFO - Sent UDP connect message for user: aaaaa
2025-11-28 21:12:54,522 - core.client_base - INFO - Sent UDP disconnect message
2025-11-28 21:12:55,102 - core.client_base - INFO - UDP client disconnected
2025-11-28 21:12:55,103 - core.client_base - INFO - UDP client disconnected
2025-11-28 21:13:00,273 - core.client_base - INFO - UDP client disconnected
